
ROM used:   4591/8192 (56%)
            4707/8192 (57%) including unused fragments

            1.2 Average locations per line
            4.3 Average locations per statement

RAM used:   57/368 (15%) at main() level
            71/368 (19%) worst case

Stack used: 8 worst case (8 in main + 0 for interrupts)
Stack size: 8

Lines Stmts  %   Files
----- ----- ---  -----
   43    26   2  main.c
   18     0   0  main.h
  768     0   0  C:\Program Files (x86)\PICC\Devices\16F887.h
  143    53   5  C:\Program Files (x86)\PICC\Drivers\ds1302.c
   52    20   2  ds18b20.c
   61    22   2  1_day.c
  628   495  47  display.c
  256    89   8  5110lib\3310(modified).c
  423     0   0  C:\Program Files (x86)\PICC\Drivers\string.h
   32     0   0  C:\Program Files (x86)\PICC\Drivers\stddef.h
   28     0   0  C:\Program Files (x86)\PICC\Drivers\ctype.h
 1351   359  34  C:\Program Files (x86)\PICC\Drivers\stdlib.h
----- -----
 3803  1064 Total

Page ROM  %  RAM   Vol Diff  Functions:
---- --- --- ---   --- ----  ----------
0     20   0    1             @delay_ms1
0     17   0    1             @delay_us1
0     24   1    2   211  4.5  write_ds1302_byte
0     15   0    2   104  2.0  write_ds1302
0     46   1    3   414  5.0  read_ds1302
0     35   1    2   254  3.7  rtc_init
0     23   1    4   176  5.6  get_bcd
0     21   0    3             @DIV88
0     37   1    2             @MUL88
0     20   0    4   160  4.5  rm_bcd
0     70   2    7   437  2.4  rtc_set_datetime
 Inline         5   260  3.5  rtc_get_date
 Inline         4   186  3.3  rtc_get_time
1     29   1    1    86  1.3  onewire_reset
1     32   1    2   272  4.3  onewire_write
1     37   1    2   298  3.3  onewire_read
0    244   5    0             @const680
0    250   5    0             @const683
0     59   1    0   362  1.4  nokia_init
0     21   0    0   104  3.3  nokia_clean_ddram
0     20   0    1   119  1.3  nokia_write_command
0     20   0    1   119  1.3  nokia_write_data
0     28   1    2   262  4.8  nokia_write_dorc
0     13   0    3   106  2.8  nokia_gotoxy
0     59   1    1    37  1.7  nokia_printchar
0     63   1    1    37  1.7  nokia_printchar_inverted
 Inline         2   530  7.1  table_to_nokialcd
 Inline         2   538  7.6  table_to_nokialcd_inverted
0      9   0    0             @const818
1     52   1    2   304  5.7  alarm_warning
0      6   0    0             @const859
0     86   2    4             @PSTRINGC7_698
 Inline         2   920  6.2  alarm_screen
0      7   0    0             @const862
0      8   0    0             @const863
1     91   2    5             @PSTRINGCN7_700
0     87   2    6             @PRINTF_D_700
0      5   0    0             @const869
0     87   2    5             @PSTRINGCN7_698
0     87   2    6             @PRINTF_D_698
0      8   0    0             @const875
0      5   0    0             @const876
0     68   1    1   480  3.2  button_ok
0      3   0    0             @const877
0      8   0    0             @const878
0      8   0    0             @const879
0     11   0    0             @const880
0      8   0    0             @const881
 Inline         3  1693  6.4  clock_screen
0      4   0    0             @const888
0      5   0    0             @const898
0      5   0    0             @const899
 Inline         0   528  3.3  menu_screen
0      8   0    0             @const900
0      8   0    0             @const901
0     86   2    4             @PSTRINGC7_700
0      6   0    0             @const903
0      8   0    0             @const904
0      6   0    0             @const905
0      8   0    0             @const906
0      5   0    0             @const907
0     53   1    2   331  4.0  log_screen
0      8   0    0             @const908
0      8   0    0             @const909
0      7   0    0             @const910
0     17   0    0             @const911
1   1275  28    0   418  5.1  display_screen
1      8   0    0             @goto11523
 Inline         1   433  3.2  set_alarm_screen
0      8   0    0             @const915
0      7   0    0             @const916
0      7   0    0             @const917
0      7   0    0             @const918
0      7   0    0             @const919
 Inline         3   614  6.1  alarm_edit
0      8   0    0             @const921
0      5   0    0             @const922
0      5   0    0             @const923
1    121   3    2   743  3.9  edit_time
 Inline         4  2733  6.5  edit_date
0      8   0    0             @const933
0      8   0    0             @const948
0      8   0    0             @const949
0      8   0    0             @const950
0      8   0    0             @const951
0      8   0    0             @const952
0      8   0    0             @const953
0      8   0    0             @const954
0      8   0    0             @const955
0      8   0    0             @const956
0      8   0    0             @const957
0      8   0    0             @const958
0      8   0    0             @const959
0      8   0    0             @const960
0      8   0    0             @const961
2    595  13    2  8656  9.9  control_time
2      8   0    0             @goto11929
2      8   0    0             @goto12027
1     49   1    7   450  4.5  ds18b20_read
1    260   6    3   844  6.3  MAIN
 Inline         0             @cinit1

Program metrics:
    Functions               36
    Statements              1064
    Comments                951
    Volume (V)              40152
    Difficulty (D)          147.3
    Effort to implement (E) 5915796
    Time to implement (T)   91 hours, 18 minutes
    Est Delivered Bugs (B)  11
    Cyclomatic Complexity   171
    Maintainability (MI)    128

 Segment     Used  Free
-----------  ----  ----
00000-00003     4  0  
00004-007FF  2022  22  
00800-00FFF  1954  94  
01000-017FF   611  1437  
01800-01FFF     0  2048  



